
> app@0.1.0 build
> next build

Ôû▓ Next.js 16.2.2 (Turbopack)
- Environments: .env.local, .env

ÔÜá The "middleware" file convention is deprecated. Please use "proxy" instead. Learn more: https://nextjs.org/docs/messages/middleware-to-proxy
  Creating an optimized production build ...
Ô£ô Compiled successfully in 5.4s
  Running TypeScript ...
  Finished TypeScript in 5.7s ...
  Collecting page data using 11 workers ...
Warning: Cannot load "@napi-rs/canvas" package: "Error: Cannot find module '@napi-rs/canvas'
Require stack:
- D:\ROOT\node_modules\pdf-parse\dist\pdf-parse\cjs\index.cjs".
Warning: Cannot polyfill `DOMMatrix`, rendering may be broken.
Warning: Cannot polyfill `ImageData`, rendering may be broken.
Warning: Cannot polyfill `Path2D`, rendering may be broken.
ReferenceError: DOMMatrix is not defined
    at instantiateModule (D:\OneDrive\Maria Anita\Maria Anita 2026\projetoPRINTMA\app\.next\server\chunks\[turbopack]_runtime.js:853:9)
    at getOrInstantiateModuleFromParent (D:\OneDrive\Maria Anita\Maria Anita 2026\projetoPRINTMA\app\.next\server\chunks\[turbopack]_runtime.js:877:12)
    at Context.commonJsRequire [as r] (D:\OneDrive\Maria Anita\Maria Anita 2026\projetoPRINTMA\app\.next\server\chunks\[turbopack]_runtime.js:302:12)
    at instantiateModule (D:\OneDrive\Maria Anita\Maria Anita 2026\projetoPRINTMA\app\.next\server\chunks\[turbopack]_runtime.js:853:9)
    at instantiateRuntimeModule (D:\OneDrive\Maria Anita\Maria Anita 2026\projetoPRINTMA\app\.next\server\chunks\[turbopack]_runtime.js:882:12)
    at getOrInstantiateRuntimeModule (D:\OneDrive\Maria Anita\Maria Anita 2026\projetoPRINTMA\app\.next\server\chunks\[turbopack]_runtime.js:895:12)
    at Object.m (D:\OneDrive\Maria Anita\Maria Anita 2026\projetoPRINTMA\app\.next\server\chunks\[turbopack]_runtime.js:898:18)
    at Object.<anonymous> (D:\OneDrive\Maria Anita\Maria Anita 2026\projetoPRINTMA\app\.next\server\app\api\upload-pdf\route.js:8:3)

> Build error occurred
Error: Failed to collect page data for /api/upload-pdf
    at ignore-listed frames {
  type: 'Error'
}
